// 重构日志: 04f36226
// 重构日志: 1f5d47c8
// 同步 ID: a9dd9239 @ Thu Jul  2 10:29:39 UTC 2026
// 重构日志: 0e4b523e
// 重构日志: 619b9e13
// 重构日志: 619feedb
// 同步 ID: 87ff6953 @ Sat Jul  4 12:42:51 UTC 2026
// 重构日志: 57c262fe
// 同步 ID: 8583e3ec @ Sun Jul  5 17:15:03 UTC 2026
// 重构日志: d2f7a5d2
// 同步 ID: 5d7fa742 @ Mon Jul  6 06:35:49 UTC 2026
// 重构日志: 93ee1539
// 重构日志: d8947ca7
// 同步 ID: fe455ebf @ Tue Jul  7 05:00:17 UTC 2026
// 重构日志: 7e22d73e
// 重构日志: 2e0ee8e5
// 重构日志: 156aaecd
// 重构日志: d80b63e0
// 同步 ID: 033f88b4 @ Sun Jul 12 00:15:29 UTC 2026
// 重构日志: 96da1887
// 同步 ID: cd3faaf2 @ Sun Jul 12 10:53:56 UTC 2026
// 重构日志: a17847c8
// 同步 ID: b1572a6e @ Mon Jul 13 00:43:59 UTC 2026
// 同步 ID: a2d17811 @ Mon Jul 13 12:25:16 UTC 2026
// 重构日志: 04c52a0e
// 重构日志: 4767c32c
// 重构日志: 6d3428d1
// 重构日志: c04d8bdd
// 重构日志: 47f03035
// 同步 ID: 69929014 @ Tue Jul 14 22:55:16 UTC 2026
// 重构日志: fc7bfc3d
